Base path: /Applications/Unity/Unity.app/Contents
Pipe name: \\.\pipe\UnityShaderCompiler-64bit-3-709193728
Cmd: getPlatforms
Cmd: compileSnippet
  api=0 type=0 insize=982 outsize=11377 kw=DIRECTIONAL SHADOWS_OFF LIGHTMAP_OFF DIRLIGHTMAP_OFF DYNAMICLIGHTMAP_OFF VERTEXLIGHT_ON pd= ok=1
Cmd: compileSnippet
  api=0 type=0 insize=938 outsize=6301 kw=SPOT SHADOWS_OFF pd= ok=1
Cmd: compileSnippet
  api=0 type=0 insize=938 outsize=6899 kw=POINT SHADOWS_CUBE pd= ok=1
Cmd: compileSnippet
  api=0 type=0 insize=938 outsize=7969 kw=POINT_COOKIE SHADOWS_CUBE SHADOWS_SOFT pd= ok=1
Cmd: compileSnippet
  api=0 type=1 insize=938 outsize=6 kw=POINT_COOKIE SHADOWS_OFF pd= ok=1
Cmd: compileSnippet
  api=0 type=1 insize=938 outsize=6 kw=POINT SHADOWS_CUBE pd= ok=1
Cmd: compileSnippet
  api=0 type=1 insize=938 outsize=6 kw=POINT_COOKIE SHADOWS_CUBE SHADOWS_SOFT pd= ok=1
Cmd: compileSnippet
  api=0 type=1 insize=751 outsize=6 kw=SHADOWS_CUBE pd= ok=1
Cmd: compileSnippet
  api=0 type=0 insize=1152 outsize=4206 kw=LIGHTMAP_OFF DIRLIGHTMAP_OFF DYNAMICLIGHTMAP_OFF UNITY_HDR_ON pd= ok=1
Cmd: compileSnippet
  api=0 type=1 insize=1152 outsize=6 kw=LIGHTMAP_OFF DIRLIGHTMAP_SEPARATE DYNAMICLIGHTMAP_OFF pd= ok=1
Cmd: compileSnippet
  api=0 type=1 insize=1152 outsize=6 kw=LIGHTMAP_OFF DIRLIGHTMAP_SEPARATE DYNAMICLIGHTMAP_OFF UNITY_HDR_ON pd= ok=1
Cmd: compileSnippet
  api=0 type=0 insize=886 outsize=6456 kw=DIRECTIONAL SHADOWS_OFF LIGHTMAP_OFF DIRLIGHTMAP_OFF DYNAMICLIGHTMAP_OFF VERTEXLIGHT_ON pd= ok=1
Cmd: compileSnippet
  api=0 type=0 insize=816 outsize=5039 kw=SPOT SHADOWS_OFF pd= ok=1
Cmd: compileSnippet
  api=0 type=0 insize=816 outsize=5435 kw=SPOT SHADOWS_DEPTH SHADOWS_NATIVE pd= ok=1
Cmd: compileSnippet
  api=0 type=1 insize=816 outsize=6 kw=DIRECTIONAL SHADOWS_OFF pd= ok=1
Cmd: compileSnippet
  api=0 type=1 insize=816 outsize=6 kw=DIRECTIONAL_COOKIE SHADOWS_OFF pd= ok=1
Cmd: compileSnippet
  api=0 type=1 insize=816 outsize=6 kw=POINT SHADOWS_CUBE pd= ok=1
Cmd: compileSnippet
  api=0 type=1 insize=600 outsize=6 kw=SHADOWS_DEPTH pd= ok=1
Cmd: compileSnippet
  api=0 type=0 insize=13030 outsize=6551 kw=_SUNDISK_HIGH_QUALITY pd= ok=1
Cmd: compileSnippet
  api=0 type=1 insize=13030 outsize=6 kw=_SUNDISK_SIMPLE pd= ok=1
Cmd: compileSnippet
  api=0 type=0 insize=4597 outsize=3159 kw=POINT pd= ok=1
Cmd: compileSnippet
  api=0 type=1 insize=4597 outsize=6 kw=POINT pd= ok=1
Cmd: compileSnippet
  api=0 type=0 insize=6924 outsize=3536 kw=DIRECTIONAL SHADOWS_OFF LIGHTMAP_OFF DIRLIGHTMAP_OFF DYNAMICLIGHTMAP_OFF VERTEXLIGHT_ON pd= ok=1
Cmd: compileSnippet
  api=0 type=1 insize=6924 outsize=6 kw=DIRECTIONAL SHADOWS_SCREEN LIGHTMAP_OFF DIRLIGHTMAP_OFF DYNAMICLIGHTMAP_OFF pd= ok=1
Cmd: compileSnippet
  api=0 type=0 insize=3695 outsize=1959 kw=SPOT pd= ok=1
Cmd: compileSnippet
  api=0 type=1 insize=3695 outsize=6 kw=DIRECTIONAL pd= ok=1
Cmd: compileSnippet
  api=0 type=1 insize=3695 outsize=6 kw=DIRECTIONAL_COOKIE pd= ok=1
Cmd: compileSnippet
  api=0 type=0 insize=5962 outsize=2724 kw=LIGHTMAP_OFF DIRLIGHTMAP_OFF DYNAMICLIGHTMAP_OFF UNITY_HDR_ON pd= ok=1
Cmd: compileSnippet
  api=0 type=0 insize=6026 outsize=2539 kw=LIGHTMAP_OFF DIRLIGHTMAP_OFF DYNAMICLIGHTMAP_OFF UNITY_HDR_ON pd= ok=1
Cmd: compileSnippet
  api=0 type=0 insize=1275 outsize=2533 kw=DIRECTIONAL SHADOWS_OFF pd= ok=1
Cmd: compileSnippet
  api=0 type=0 insize=1275 outsize=3543 kw=SPOT SHADOWS_DEPTH SHADOWS_NATIVE pd= ok=1
Cmd: compileSnippet
  api=0 type=0 insize=1275 outsize=4078 kw=SPOT SHADOWS_DEPTH SHADOWS_SOFT SHADOWS_NATIVE pd= ok=1
Cmd: compileSnippet
  api=0 type=1 insize=1275 outsize=6 kw=SPOT SHADOWS_OFF pd= ok=1
Cmd: compileSnippet
  api=0 type=1 insize=1275 outsize=6 kw=SPOT SHADOWS_DEPTH SHADOWS_NATIVE pd= ok=1
Cmd: compileSnippet
  api=0 type=1 insize=1275 outsize=6 kw=POINT_COOKIE SHADOWS_CUBE pd= ok=1
Cmd: compileSnippet
  api=0 type=1 insize=1275 outsize=6 kw=POINT_COOKIE SHADOWS_CUBE SHADOWS_SOFT pd= ok=1
Cmd: compileSnippet
  api=0 type=0 insize=1268 outsize=2966 kw=POINT_COOKIE SHADOWS_OFF pd= ok=1
Cmd: compileSnippet
  api=0 type=0 insize=1268 outsize=2776 kw=DIRECTIONAL_COOKIE SHADOWS_OFF pd= ok=1
Cmd: compileSnippet
  api=0 type=0 insize=1268 outsize=3257 kw=POINT SHADOWS_CUBE pd= ok=1
Cmd: compileSnippet
  api=0 type=0 insize=1268 outsize=4404 kw=POINT_COOKIE SHADOWS_CUBE SHADOWS_SOFT pd= ok=1
Cmd: compileSnippet
  api=0 type=1 insize=1268 outsize=6 kw=POINT_COOKIE SHADOWS_OFF pd= ok=1
Cmd: compileSnippet
  api=0 type=1 insize=1268 outsize=6 kw=DIRECTIONAL SHADOWS_SCREEN pd= ok=1
Cmd: compileSnippet
  api=0 type=1 insize=1268 outsize=6 kw=SPOT SHADOWS_DEPTH SHADOWS_SOFT SHADOWS_NATIVE pd= ok=1
Cmd: compileSnippet
  api=0 type=0 insize=1273 outsize=2777 kw=POINT SHADOWS_OFF pd= ok=1
Cmd: compileSnippet
  api=0 type=0 insize=1273 outsize=3060 kw=DIRECTIONAL_COOKIE SHADOWS_SCREEN pd= ok=1
Cmd: compileSnippet
  api=0 type=0 insize=1273 outsize=4189 kw=POINT SHADOWS_CUBE SHADOWS_SOFT pd= ok=1
Cmd: compileSnippet
  api=0 type=1 insize=1273 outsize=6 kw=POINT_COOKIE SHADOWS_OFF pd= ok=1
Cmd: compileSnippet
  api=0 type=1 insize=1273 outsize=6 kw=DIRECTIONAL SHADOWS_SCREEN pd= ok=1
Cmd: compileSnippet
  api=0 type=1 insize=1273 outsize=6 kw=SPOT SHADOWS_DEPTH SHADOWS_SOFT SHADOWS_NATIVE pd= ok=1
Cmd: compileSnippet
  api=0 type=0 insize=1934 outsize=3591 kw=DIRECTIONAL SHADOWS_OFF pd= ok=1
Cmd: compileSnippet
  api=0 type=0 insize=1934 outsize=4104 kw=DIRECTIONAL SHADOWS_SCREEN pd= ok=1
Cmd: compileSnippet
  api=0 type=0 insize=1934 outsize=5379 kw=SPOT SHADOWS_DEPTH SHADOWS_SOFT SHADOWS_NATIVE pd= ok=1
Cmd: compileSnippet
  api=0 type=0 insize=1934 outsize=3582 kw=DIRECTIONAL SHADOWS_OFF UNITY_HDR_ON pd= ok=1
Cmd: compileSnippet
  api=0 type=0 insize=1934 outsize=3851 kw=DIRECTIONAL_COOKIE SHADOWS_OFF UNITY_HDR_ON pd= ok=1
Cmd: compileSnippet
  api=0 type=0 insize=1934 outsize=4349 kw=POINT SHADOWS_CUBE UNITY_HDR_ON pd= ok=1
Cmd: compileSnippet
  api=0 type=0 insize=1934 outsize=5490 kw=POINT_COOKIE SHADOWS_CUBE SHADOWS_SOFT UNITY_HDR_ON pd= ok=1
Cmd: compileSnippet
  api=0 type=1 insize=1934 outsize=6 kw=POINT_COOKIE SHADOWS_OFF pd= ok=1
Cmd: compileSnippet
  api=0 type=1 insize=1934 outsize=6 kw=DIRECTIONAL_COOKIE SHADOWS_SCREEN pd= ok=1
Cmd: compileSnippet
  api=0 type=1 insize=1934 outsize=6 kw=SPOT SHADOWS_DEPTH SHADOWS_SOFT SHADOWS_NATIVE pd= ok=1
Cmd: compileSnippet
  api=0 type=1 insize=1934 outsize=6 kw=SPOT SHADOWS_OFF UNITY_HDR_ON pd= ok=1
Cmd: compileSnippet
  api=0 type=1 insize=1934 outsize=6 kw=SPOT SHADOWS_DEPTH SHADOWS_NATIVE UNITY_HDR_ON pd= ok=1
Cmd: compileSnippet
  api=0 type=1 insize=1934 outsize=6 kw=POINT SHADOWS_CUBE UNITY_HDR_ON pd= ok=1
Cmd: compileSnippet
  api=0 type=1 insize=1934 outsize=6 kw=POINT_COOKIE SHADOWS_CUBE SHADOWS_SOFT UNITY_HDR_ON pd= ok=1
Cmd: compileSnippet
  api=0 type=0 insize=823 outsize=650 kw=UNITY_HDR_ON pd= ok=1
Cmd: compileSnippet
  api=0 type=0 insize=982 outsize=12174 kw=DIRECTIONAL SHADOWS_SCREEN LIGHTMAP_OFF DIRLIGHTMAP_OFF DYNAMICLIGHTMAP_OFF FOG_EXP2 VERTEXLIGHT_ON pd= ok=1
Cmd: compileSnippet
  api=0 type=1 insize=982 outsize=6 kw=DIRECTIONAL SHADOWS_OFF LIGHTMAP_OFF DIRLIGHTMAP_OFF DYNAMICLIGHTMAP_OFF FOG_EXP2 pd= ok=1
Cmd: compileSnippet
  api=0 type=0 insize=938 outsize=6095 kw=DIRECTIONAL SHADOWS_OFF FOG_EXP2 pd= ok=1
Cmd: compileSnippet
  api=0 type=0 insize=938 outsize=6365 kw=DIRECTIONAL_COOKIE SHADOWS_OFF FOG_EXP2 pd= ok=1
Cmd: compileSnippet
  api=0 type=0 insize=938 outsize=7215 kw=POINT SHADOWS_CUBE FOG_EXP2 pd= ok=1
Cmd: compileSnippet
  api=0 type=0 insize=938 outsize=8288 kw=POINT_COOKIE SHADOWS_CUBE SHADOWS_SOFT FOG_EXP2 pd= ok=1
Cmd: compileSnippet
  api=0 type=1 insize=938 outsize=6 kw=POINT_COOKIE SHADOWS_OFF FOG_EXP2 pd= ok=1
Cmd: compileSnippet
  api=0 type=1 insize=938 outsize=6 kw=DIRECTIONAL_COOKIE SHADOWS_SCREEN FOG_EXP2 pd= ok=1
Cmd: compileSnippet
  api=0 type=1 insize=938 outsize=6 kw=POINT SHADOWS_CUBE SHADOWS_SOFT FOG_EXP2 pd= ok=1
Cmd: compileSnippet
  api=0 type=0 insize=886 outsize=5951 kw=DIRECTIONAL SHADOWS_SCREEN LIGHTMAP_OFF DIRLIGHTMAP_OFF DYNAMICLIGHTMAP_OFF FOG_EXP2 pd= ok=1
Cmd: compileSnippet
  api=0 type=1 insize=886 outsize=6 kw=DIRECTIONAL SHADOWS_SCREEN LIGHTMAP_OFF DIRLIGHTMAP_OFF DYNAMICLIGHTMAP_OFF FOG_EXP2 pd= ok=1
Cmd: compileSnippet
  api=0 type=0 insize=816 outsize=4944 kw=DIRECTIONAL SHADOWS_OFF FOG_EXP2 pd= ok=1
Cmd: compileSnippet
  api=0 type=0 insize=816 outsize=5617 kw=DIRECTIONAL_COOKIE SHADOWS_SCREEN FOG_EXP2 pd= ok=1
Cmd: compileSnippet
  api=0 type=1 insize=816 outsize=6 kw=SPOT SHADOWS_OFF FOG_EXP2 pd= ok=1
Cmd: compileSnippet
  api=0 type=1 insize=816 outsize=6 kw=DIRECTIONAL_COOKIE SHADOWS_OFF FOG_EXP2 pd= ok=1
Cmd: compileSnippet
  api=0 type=1 insize=816 outsize=6 kw=POINT SHADOWS_CUBE FOG_EXP2 pd= ok=1
Cmd: compileSnippet
  api=0 type=0 insize=4597 outsize=3515 kw=POINT FOG_EXP2 pd= ok=1
Cmd: compileSnippet
  api=0 type=1 insize=4597 outsize=6 kw=SPOT FOG_EXP2 pd= ok=1
Cmd: compileSnippet
  api=0 type=0 insize=1807 outsize=1474 kw=FOG_EXP2 pd= ok=1
Cmd: compileSnippet
  api=0 type=0 insize=2082 outsize=1721 kw=FOG_EXP2 pd= ok=1
Cmd: compileSnippet
  api=0 type=0 insize=6924 outsize=2641 kw=DIRECTIONAL SHADOWS_OFF LIGHTMAP_OFF DIRLIGHTMAP_OFF DYNAMICLIGHTMAP_OFF FOG_EXP2 pd= ok=1
Cmd: compileSnippet
  api=0 type=0 insize=3695 outsize=2055 kw=POINT FOG_EXP2 pd= ok=1
Cmd: compileSnippet
  api=0 type=0 insize=3695 outsize=1955 kw=DIRECTIONAL_COOKIE FOG_EXP2 pd= ok=1
Cmd: compileSnippet
  api=0 type=1 insize=3695 outsize=6 kw=SPOT FOG_EXP2 pd= ok=1
Cmd: compileSnippet
  api=0 type=0 insize=5962 outsize=2989 kw=LIGHTMAP_OFF DIRLIGHTMAP_OFF DYNAMICLIGHTMAP_OFF FOG_EXP2 HDR_LIGHT_PREPASS_OFF pd= ok=1
Cmd: compileSnippet
  api=0 type=1 insize=5962 outsize=6 kw=LIGHTMAP_OFF DIRLIGHTMAP_OFF DYNAMICLIGHTMAP_OFF FOG_EXP2 UNITY_HDR_ON pd= ok=1
Cmd: compileSnippet
  api=0 type=0 insize=7407 outsize=4002 kw=DIRECTIONAL SHADOWS_OFF LIGHTMAP_OFF DIRLIGHTMAP_OFF DYNAMICLIGHTMAP_OFF VERTEXLIGHT_ON pd= ok=1
Cmd: compileSnippet
  api=0 type=0 insize=3946 outsize=1868 kw=DIRECTIONAL_COOKIE pd= ok=1
Cmd: compileSnippet
  api=0 type=1 insize=3946 outsize=6 kw=SPOT pd= ok=1
Cmd: compileSnippet
  api=0 type=0 insize=3617 outsize=1855 kw=POINT_COOKIE pd= ok=1
Cmd: compileSnippet
  api=0 type=1 insize=3617 outsize=6 kw=DIRECTIONAL_COOKIE pd= ok=1
Cmd: compileSnippet
  api=0 type=1 insize=4587 outsize=6 kw= pd= ok=1
Cmd: compileSnippet
  api=0 type=0 insize=7139 outsize=3207 kw=DIRECTIONAL SHADOWS_SCREEN LIGHTMAP_OFF DIRLIGHTMAP_OFF DYNAMICLIGHTMAP_OFF pd= ok=1
Cmd: compileSnippet
  api=0 type=0 insize=7139 outsize=3508 kw=DIRECTIONAL SHADOWS_SCREEN LIGHTMAP_OFF DIRLIGHTMAP_OFF DYNAMICLIGHTMAP_OFF FOG_EXP2 pd= ok=1
Cmd: compileSnippet
  api=0 type=1 insize=7139 outsize=6 kw=DIRECTIONAL SHADOWS_SCREEN LIGHTMAP_OFF DIRLIGHTMAP_OFF DYNAMICLIGHTMAP_OFF pd= ok=1
Cmd: compileSnippet
  api=0 type=0 insize=3868 outsize=1865 kw=DIRECTIONAL pd= ok=1
Cmd: compileSnippet
  api=0 type=0 insize=3868 outsize=2092 kw=DIRECTIONAL_COOKIE pd= ok=1
Cmd: compileSnippet
  api=0 type=0 insize=3868 outsize=2526 kw=POINT_COOKIE FOG_EXP2 pd= ok=1
Cmd: compileSnippet
  api=0 type=1 insize=3868 outsize=6 kw=SPOT pd= ok=1
Cmd: compileSnippet
  api=0 type=1 insize=3868 outsize=6 kw=POINT FOG_EXP2 pd= ok=1
Cmd: compileSnippet
  api=0 type=0 insize=6052 outsize=3095 kw=LIGHTMAP_OFF DIRLIGHTMAP_OFF DYNAMICLIGHTMAP_OFF FOG_EXP2 HDR_LIGHT_PREPASS_OFF pd= ok=1
Cmd: compileSnippet
  api=0 type=1 insize=6052 outsize=6 kw=LIGHTMAP_OFF DIRLIGHTMAP_OFF DYNAMICLIGHTMAP_OFF FOG_EXP2 HDR_LIGHT_PREPASS_OFF pd= ok=1
Cmd: compileSnippet
  api=0 type=0 insize=7058 outsize=3594 kw=DIRECTIONAL SHADOWS_OFF LIGHTMAP_OFF DIRLIGHTMAP_OFF DYNAMICLIGHTMAP_OFF VERTEXLIGHT_ON pd= ok=1
Cmd: compileSnippet
  api=0 type=0 insize=7058 outsize=3130 kw=DIRECTIONAL SHADOWS_SCREEN LIGHTMAP_OFF DIRLIGHTMAP_OFF DYNAMICLIGHTMAP_OFF FOG_EXP2 pd= ok=1
Cmd: compileSnippet
  api=0 type=1 insize=7058 outsize=6 kw=DIRECTIONAL SHADOWS_OFF LIGHTMAP_OFF DIRLIGHTMAP_OFF DYNAMICLIGHTMAP_OFF FOG_EXP2 pd= ok=1
Cmd: compileSnippet
  api=0 type=0 insize=3804 outsize=2017 kw=SPOT pd= ok=1
Cmd: compileSnippet
  api=0 type=0 insize=3804 outsize=2113 kw=POINT FOG_EXP2 pd= ok=1
Cmd: compileSnippet
  api=0 type=0 insize=3804 outsize=2013 kw=DIRECTIONAL_COOKIE FOG_EXP2 pd= ok=1
Cmd: compileSnippet
  api=0 type=1 insize=3804 outsize=6 kw=POINT_COOKIE pd= ok=1
Cmd: compileSnippet
  api=0 type=1 insize=3804 outsize=6 kw=POINT FOG_EXP2 pd= ok=1
Cmd: compileSnippet
  api=0 type=1 insize=3804 outsize=6 kw=DIRECTIONAL_COOKIE FOG_EXP2 pd= ok=1
Cmd: compileSnippet
  api=0 type=0 insize=6071 outsize=2782 kw=LIGHTMAP_OFF DIRLIGHTMAP_OFF DYNAMICLIGHTMAP_OFF UNITY_HDR_ON pd= ok=1
Cmd: compileSnippet
  api=0 type=1 insize=6071 outsize=6 kw=LIGHTMAP_OFF DIRLIGHTMAP_OFF DYNAMICLIGHTMAP_OFF FOG_EXP2 HDR_LIGHT_PREPASS_OFF pd= ok=1
Cmd: compileSnippet
  api=0 type=0 insize=4027 outsize=2400 kw=SPOT pd= ok=1
Cmd: compileSnippet
  api=0 type=1 insize=4027 outsize=6 kw=POINT pd= ok=1
Cmd: compileSnippet
  api=0 type=1 insize=4027 outsize=6 kw=SPOT FOG_EXP2 pd= ok=1
Cmd: compileSnippet
  api=0 type=1 insize=1798 outsize=6 kw=FOG_EXP2 pd= ok=1
Cmd: compileSnippet
  api=0 type=0 insize=7271 outsize=5892 kw=DIRECTIONAL SHADOWS_SCREEN LIGHTMAP_OFF DIRLIGHTMAP_OFF DYNAMICLIGHTMAP_OFF VERTEXLIGHT_ON pd= ok=1
Cmd: compileSnippet
  api=0 type=0 insize=7271 outsize=6193 kw=DIRECTIONAL SHADOWS_SCREEN LIGHTMAP_OFF DIRLIGHTMAP_OFF DYNAMICLIGHTMAP_OFF FOG_EXP2 VERTEXLIGHT_ON pd= ok=1
Cmd: compileSnippet
  api=0 type=1 insize=7271 outsize=6 kw=DIRECTIONAL SHADOWS_OFF LIGHTMAP_OFF DIRLIGHTMAP_OFF DYNAMICLIGHTMAP_OFF pd= ok=1
Cmd: compileSnippet
  api=0 type=0 insize=4017 outsize=3799 kw=SPOT pd= ok=1
Cmd: compileSnippet
  api=0 type=0 insize=4017 outsize=4043 kw=SPOT FOG_EXP2 pd= ok=1
Cmd: compileSnippet
  api=0 type=1 insize=4017 outsize=6 kw=SPOT pd= ok=1
Cmd: compileSnippet
  api=0 type=1 insize=4017 outsize=6 kw=POINT FOG_EXP2 pd= ok=1
Cmd: compileSnippet
  api=0 type=1 insize=4017 outsize=6 kw=DIRECTIONAL_COOKIE FOG_EXP2 pd= ok=1
Cmd: compileSnippet
  api=0 type=0 insize=6285 outsize=4595 kw=LIGHTMAP_OFF DIRLIGHTMAP_OFF DYNAMICLIGHTMAP_OFF UNITY_HDR_ON pd= ok=1
Cmd: compileSnippet
  api=0 type=1 insize=6285 outsize=6 kw=LIGHTMAP_OFF DIRLIGHTMAP_OFF DYNAMICLIGHTMAP_OFF UNITY_HDR_ON pd= ok=1
Cmd: compileSnippet
  api=0 type=0 insize=3198 outsize=2617 kw=SHADOWS_CUBE pd= ok=1
Cmd: compileSnippet
  api=0 type=0 insize=4069 outsize=2311 kw=POINT pd= ok=1
Cmd: compileSnippet
  api=0 type=0 insize=4069 outsize=2923 kw=SPOT FOG_EXP2 pd= ok=1
Cmd: compileSnippet
  api=0 type=1 insize=4069 outsize=6 kw=FOG_EXP2 pd= ok=1
Cmd: compileSnippet
  api=0 type=1 insize=4069 outsize=6 kw=POINT FOG_EXP2 pd= ok=1
Cmd: compileSnippet
  api=0 type=1 insize=1836 outsize=6 kw=FOG_EXP2 pd= ok=1
Cmd: compileSnippet
  api=0 type=0 insize=7662 outsize=5099 kw=DIRECTIONAL SHADOWS_SCREEN LIGHTMAP_OFF DIRLIGHTMAP_OFF DYNAMICLIGHTMAP_OFF pd= ok=1
Cmd: compileSnippet
  api=0 type=0 insize=7662 outsize=4969 kw=DIRECTIONAL SHADOWS_OFF LIGHTMAP_OFF DIRLIGHTMAP_OFF DYNAMICLIGHTMAP_OFF FOG_EXP2 pd= ok=1
Cmd: compileSnippet
  api=0 type=1 insize=7662 outsize=6 kw=DIRECTIONAL SHADOWS_SCREEN LIGHTMAP_OFF DIRLIGHTMAP_OFF DYNAMICLIGHTMAP_OFF pd= ok=1
Cmd: compileSnippet
  api=0 type=0 insize=4408 outsize=4109 kw=POINT pd= ok=1
Cmd: compileSnippet
  api=0 type=0 insize=4408 outsize=4356 kw=POINT FOG_EXP2 pd= ok=1
Cmd: compileSnippet
  api=0 type=0 insize=4408 outsize=4256 kw=DIRECTIONAL_COOKIE FOG_EXP2 pd= ok=1
Cmd: compileSnippet
  api=0 type=1 insize=4408 outsize=6 kw=SPOT pd= ok=1
Cmd: compileSnippet
  api=0 type=1 insize=4408 outsize=6 kw=DIRECTIONAL FOG_EXP2 pd= ok=1
Cmd: compileSnippet
  api=0 type=0 insize=6676 outsize=5318 kw=LIGHTMAP_OFF DIRLIGHTMAP_OFF DYNAMICLIGHTMAP_OFF FOG_EXP2 HDR_LIGHT_PREPASS_OFF pd= ok=1
Cmd: compileSnippet
  api=0 type=1 insize=6676 outsize=6 kw=LIGHTMAP_OFF DIRLIGHTMAP_OFF DYNAMICLIGHTMAP_OFF FOG_EXP2 HDR_LIGHT_PREPASS_OFF pd= ok=1
Cmd: compileSnippet
  api=0 type=0 insize=65047 outsize=4952 kw=DIRECTIONAL SHADOWS_OFF LIGHTMAP_OFF DIRLIGHTMAP_OFF DYNAMICLIGHTMAP_OFF VERTEXLIGHT_ON pd= ok=1
Cmd: compileSnippet
  api=0 type=0 insize=65047 outsize=5324 kw=DIRECTIONAL SHADOWS_OFF LIGHTMAP_OFF DIRLIGHTMAP_OFF DYNAMICLIGHTMAP_OFF FOG_EXP2 VERTEXLIGHT_ON pd= ok=1
Cmd: compileSnippet
  api=0 type=0 insize=65047 outsize=6748 kw=DIRECTIONAL SHADOWS_OFF LIGHTMAP_OFF DIRLIGHTMAP_OFF DYNAMICLIGHTMAP_OFF VERTEXLIGHT_ON _TERRAIN_NORMAL_MAP pd= ok=1
Cmd: compileSnippet
  api=0 type=0 insize=65047 outsize=7125 kw=DIRECTIONAL SHADOWS_OFF LIGHTMAP_OFF DIRLIGHTMAP_OFF DYNAMICLIGHTMAP_OFF FOG_EXP2 VERTEXLIGHT_ON _TERRAIN_NORMAL_MAP pd= ok=1
Cmd: compileSnippet
  api=0 type=1 insize=65047 outsize=6 kw=DIRECTIONAL SHADOWS_SCREEN LIGHTMAP_OFF DIRLIGHTMAP_OFF DYNAMICLIGHTMAP_OFF pd= ok=1
Cmd: compileSnippet
  api=0 type=1 insize=65047 outsize=6 kw=DIRECTIONAL SHADOWS_SCREEN LIGHTMAP_OFF DIRLIGHTMAP_OFF DYNAMICLIGHTMAP_OFF _TERRAIN_NORMAL_MAP pd= ok=1
Cmd: compileSnippet
  api=0 type=0 insize=41221 outsize=3322 kw=SPOT pd= ok=1
Cmd: compileSnippet
  api=0 type=0 insize=41221 outsize=3197 kw=DIRECTIONAL FOG_EXP2 pd= ok=1
Cmd: compileSnippet
  api=0 type=0 insize=41221 outsize=4964 kw=POINT _TERRAIN_NORMAL_MAP pd= ok=1
Cmd: compileSnippet
  api=0 type=0 insize=41221 outsize=4860 kw=DIRECTIONAL_COOKIE _TERRAIN_NORMAL_MAP pd= ok=1
Cmd: compileSnippet
  api=0 type=0 insize=41221 outsize=5415 kw=POINT_COOKIE FOG_EXP2 _TERRAIN_NORMAL_MAP pd= ok=1
Cmd: compileSnippet
  api=0 type=1 insize=41221 outsize=6 kw=SPOT pd= ok=1
Cmd: compileSnippet
  api=0 type=1 insize=41221 outsize=6 kw=DIRECTIONAL FOG_EXP2 pd= ok=1
Cmd: compileSnippet
  api=0 type=1 insize=41221 outsize=6 kw=DIRECTIONAL_COOKIE FOG_EXP2 pd= ok=1
Cmd: compileSnippet
  api=0 type=1 insize=41221 outsize=6 kw=DIRECTIONAL_COOKIE _TERRAIN_NORMAL_MAP pd= ok=1
Cmd: compileSnippet
  api=0 type=1 insize=41221 outsize=6 kw=POINT_COOKIE FOG_EXP2 _TERRAIN_NORMAL_MAP pd= ok=1
Cmd: compileSnippet
  api=0 type=0 insize=57091 outsize=4341 kw=LIGHTMAP_OFF DIRLIGHTMAP_OFF DYNAMICLIGHTMAP_OFF FOG_EXP2 HDR_LIGHT_PREPASS_OFF pd= ok=1
Cmd: compileSnippet
  api=0 type=0 insize=57091 outsize=4341 kw=LIGHTMAP_OFF DIRLIGHTMAP_OFF DYNAMICLIGHTMAP_OFF FOG_EXP2 HDR_LIGHT_PREPASS_OFF _TERRAIN_NORMAL_MAP pd= ok=1
Cmd: compileSnippet
  api=0 type=1 insize=57091 outsize=6 kw=LIGHTMAP_OFF DIRLIGHTMAP_OFF DYNAMICLIGHTMAP_OFF FOG_EXP2 HDR_LIGHT_PREPASS_OFF pd= ok=1
Cmd: compileSnippet
  api=0 type=1 insize=57091 outsize=6 kw=LIGHTMAP_OFF DIRLIGHTMAP_OFF DYNAMICLIGHTMAP_OFF FOG_EXP2 HDR_LIGHT_PREPASS_OFF _TERRAIN_NORMAL_MAP pd= ok=1
Cmd: compileSnippet
  api=0 type=0 insize=61585 outsize=6121 kw=LIGHTMAP_OFF DIRLIGHTMAP_OFF DYNAMICLIGHTMAP_OFF HDR_LIGHT_PREPASS_OFF _TERRAIN_NORMAL_MAP pd= ok=1
Cmd: compileSnippet
  api=0 type=1 insize=61585 outsize=6 kw=LIGHTMAP_OFF DIRLIGHTMAP_OFF DYNAMICLIGHTMAP_OFF HDR_LIGHT_PREPASS_OFF _TERRAIN_NORMAL_MAP pd= ok=1
Cmd: compileSnippet
  api=0 type=0 insize=31775 outsize=4109 kw=DIRECTIONAL SHADOWS_SCREEN LIGHTMAP_OFF DIRLIGHTMAP_OFF DYNAMICLIGHTMAP_OFF pd= ok=1
Cmd: compileSnippet
  api=0 type=0 insize=31775 outsize=4418 kw=DIRECTIONAL SHADOWS_SCREEN LIGHTMAP_OFF DIRLIGHTMAP_OFF DYNAMICLIGHTMAP_OFF FOG_EXP2 pd= ok=1
Cmd: compileSnippet
  api=0 type=1 insize=31775 outsize=6 kw=DIRECTIONAL SHADOWS_SCREEN LIGHTMAP_OFF DIRLIGHTMAP_OFF DYNAMICLIGHTMAP_OFF pd= ok=1
Cmd: compileSnippet
  api=0 type=0 insize=18512 outsize=3322 kw=SPOT pd= ok=1
Cmd: compileSnippet
  api=0 type=0 insize=18512 outsize=3185 kw=DIRECTIONAL FOG_EXP2 pd= ok=1
Cmd: compileSnippet
  api=0 type=0 insize=18512 outsize=3421 kw=DIRECTIONAL_COOKIE FOG_EXP2 pd= ok=1
Cmd: compileSnippet
  api=0 type=1 insize=18512 outsize=6 kw=POINT_COOKIE pd= ok=1
Cmd: compileSnippet
  api=0 type=1 insize=18512 outsize=6 kw=DIRECTIONAL FOG_EXP2 pd= ok=1
Cmd: compileSnippet
  api=0 type=0 insize=27566 outsize=4061 kw=LIGHTMAP_OFF DIRLIGHTMAP_OFF DYNAMICLIGHTMAP_OFF UNITY_HDR_ON pd= ok=1
Cmd: compileSnippet
  api=0 type=1 insize=27566 outsize=6 kw=LIGHTMAP_OFF DIRLIGHTMAP_OFF DYNAMICLIGHTMAP_OFF FOG_EXP2 HDR_LIGHT_PREPASS_OFF pd= ok=1
Cmd: compileSnippet
  api=0 type=0 insize=64711 outsize=4481 kw=DIRECTIONAL SHADOWS_SCREEN LIGHTMAP_OFF DIRLIGHTMAP_OFF DYNAMICLIGHTMAP_OFF FOG_EXP2 pd= ok=1
Cmd: compileSnippet
  api=0 type=0 insize=64711 outsize=5473 kw=DIRECTIONAL SHADOWS_OFF LIGHTMAP_OFF DIRLIGHTMAP_OFF DYNAMICLIGHTMAP_OFF _TERRAIN_NORMAL_MAP pd= ok=1
Cmd: compileSnippet
  api=0 type=0 insize=64711 outsize=7148 kw=DIRECTIONAL SHADOWS_SCREEN LIGHTMAP_OFF DIRLIGHTMAP_OFF DYNAMICLIGHTMAP_OFF VERTEXLIGHT_ON _TERRAIN_NORMAL_MAP pd= ok=1
Cmd: compileSnippet
  api=0 type=0 insize=64711 outsize=7521 kw=DIRECTIONAL SHADOWS_SCREEN LIGHTMAP_OFF DIRLIGHTMAP_OFF DYNAMICLIGHTMAP_OFF FOG_EXP2 VERTEXLIGHT_ON _TERRAIN_NORMAL_MAP pd= ok=1
Cmd: compileSnippet
  api=0 type=1 insize=64711 outsize=6 kw=DIRECTIONAL SHADOWS_SCREEN LIGHTMAP_OFF DIRLIGHTMAP_OFF DYNAMICLIGHTMAP_OFF FOG_EXP2 pd= ok=1
Cmd: compileSnippet
  api=0 type=1 insize=64711 outsize=6 kw=DIRECTIONAL SHADOWS_OFF LIGHTMAP_OFF DIRLIGHTMAP_OFF DYNAMICLIGHTMAP_OFF FOG_EXP2 _TERRAIN_NORMAL_MAP pd= ok=1
Cmd: compileSnippet
  api=0 type=0 insize=40885 outsize=3180 kw=POINT_COOKIE pd= ok=1
Cmd: compileSnippet
  api=0 type=0 insize=40885 outsize=2997 kw=DIRECTIONAL_COOKIE pd= ok=1
Cmd: compileSnippet
  api=0 type=0 insize=40885 outsize=3535 kw=POINT_COOKIE FOG_EXP2 pd= ok=1
Cmd: compileSnippet
  api=0 type=0 insize=40885 outsize=5021 kw=SPOT _TERRAIN_NORMAL_MAP pd= ok=1
Cmd: compileSnippet
  api=0 type=0 insize=40885 outsize=4907 kw=DIRECTIONAL FOG_EXP2 _TERRAIN_NORMAL_MAP pd= ok=1
Cmd: compileSnippet
  api=0 type=1 insize=40885 outsize=6 kw=DIRECTIONAL pd= ok=1
Cmd: compileSnippet
  api=0 type=1 insize=40885 outsize=6 kw=DIRECTIONAL_COOKIE pd= ok=1
Cmd: compileSnippet
  api=0 type=1 insize=40885 outsize=6 kw=POINT_COOKIE FOG_EXP2 pd= ok=1
Cmd: compileSnippet
  api=0 type=1 insize=40885 outsize=6 kw=SPOT _TERRAIN_NORMAL_MAP pd= ok=1
Cmd: compileSnippet
  api=0 type=1 insize=40885 outsize=6 kw=DIRECTIONAL FOG_EXP2 _TERRAIN_NORMAL_MAP pd= ok=1
Cmd: compileSnippet
  api=0 type=0 insize=34810 outsize=3926 kw=_TERRAIN_NORMAL_MAP pd= ok=1
Cmd: compileSnippet
  api=0 type=0 insize=56755 outsize=3980 kw=LIGHTMAP_OFF DIRLIGHTMAP_OFF DYNAMICLIGHTMAP_OFF UNITY_HDR_ON pd= ok=1
Cmd: compileSnippet
  api=0 type=0 insize=56755 outsize=3944 kw=LIGHTMAP_OFF DIRLIGHTMAP_OFF DYNAMICLIGHTMAP_OFF HDR_LIGHT_PREPASS_OFF _TERRAIN_NORMAL_MAP pd= ok=1
Cmd: compileSnippet
  api=0 type=1 insize=56755 outsize=6 kw=LIGHTMAP_OFF DIRLIGHTMAP_OFF DYNAMICLIGHTMAP_OFF UNITY_HDR_ON pd= ok=1
Cmd: compileSnippet
  api=0 type=1 insize=56755 outsize=6 kw=LIGHTMAP_OFF DIRLIGHTMAP_OFF DYNAMICLIGHTMAP_OFF UNITY_HDR_ON _TERRAIN_NORMAL_MAP pd= ok=1
Cmd: compileSnippet
  api=0 type=0 insize=61249 outsize=4000 kw=LIGHTMAP_OFF DIRLIGHTMAP_OFF DYNAMICLIGHTMAP_OFF UNITY_HDR_ON pd= ok=1
Cmd: compileSnippet
  api=0 type=1 insize=61249 outsize=6 kw=LIGHTMAP_OFF DIRLIGHTMAP_OFF DYNAMICLIGHTMAP_OFF UNITY_HDR_ON pd= ok=1
Cmd: compileSnippet
  api=0 type=0 insize=31607 outsize=4028 kw=DIRECTIONAL SHADOWS_SCREEN LIGHTMAP_OFF DIRLIGHTMAP_OFF DYNAMICLIGHTMAP_OFF pd= ok=1
Cmd: compileSnippet
  api=0 type=0 insize=31607 outsize=4389 kw=DIRECTIONAL SHADOWS_SCREEN LIGHTMAP_OFF DIRLIGHTMAP_OFF DYNAMICLIGHTMAP_OFF FOG_EXP2 pd= ok=1
Cmd: compileSnippet
  api=0 type=1 insize=31607 outsize=6 kw=DIRECTIONAL SHADOWS_SCREEN LIGHTMAP_OFF DIRLIGHTMAP_OFF DYNAMICLIGHTMAP_OFF pd= ok=1
Cmd: compileSnippet
  api=0 type=0 insize=18344 outsize=2766 kw=DIRECTIONAL pd= ok=1
Cmd: compileSnippet
  api=0 type=0 insize=18344 outsize=2997 kw=DIRECTIONAL_COOKIE pd= ok=1
Cmd: compileSnippet
  api=0 type=0 insize=18344 outsize=3523 kw=POINT_COOKIE FOG_EXP2 pd= ok=1
Cmd: compileSnippet
  api=0 type=1 insize=18344 outsize=6 kw=DIRECTIONAL pd= ok=1
Cmd: compileSnippet
  api=0 type=1 insize=18344 outsize=6 kw=DIRECTIONAL FOG_EXP2 pd= ok=1
Cmd: compileSnippet
  api=0 type=0 insize=27398 outsize=4306 kw=LIGHTMAP_OFF DIRLIGHTMAP_OFF DYNAMICLIGHTMAP_OFF FOG_EXP2 HDR_LIGHT_PREPASS_OFF pd= ok=1
Cmd: compileSnippet
  api=0 type=1 insize=27398 outsize=6 kw=LIGHTMAP_OFF DIRLIGHTMAP_OFF DYNAMICLIGHTMAP_OFF UNITY_HDR_ON pd= ok=1
Cmd: compileSnippet
  api=0 type=0 insize=66838 outsize=4503 kw=DIRECTIONAL SHADOWS_SCREEN LIGHTMAP_OFF DIRLIGHTMAP_OFF DYNAMICLIGHTMAP_OFF pd= ok=1
Cmd: compileSnippet
  api=0 type=0 insize=66838 outsize=4875 kw=DIRECTIONAL SHADOWS_SCREEN LIGHTMAP_OFF DIRLIGHTMAP_OFF DYNAMICLIGHTMAP_OFF FOG_EXP2 pd= ok=1
Cmd: compileSnippet
  api=0 type=0 insize=66838 outsize=6431 kw=DIRECTIONAL SHADOWS_SCREEN LIGHTMAP_OFF DIRLIGHTMAP_OFF DYNAMICLIGHTMAP_OFF _TERRAIN_NORMAL_MAP pd= ok=1
Cmd: compileSnippet
  api=0 type=0 insize=66838 outsize=6804 kw=DIRECTIONAL SHADOWS_SCREEN LIGHTMAP_OFF DIRLIGHTMAP_OFF DYNAMICLIGHTMAP_OFF FOG_EXP2 _TERRAIN_NORMAL_MAP pd= ok=1
Cmd: compileSnippet
  api=0 type=1 insize=66838 outsize=6 kw=DIRECTIONAL SHADOWS_SCREEN LIGHTMAP_OFF DIRLIGHTMAP_OFF DYNAMICLIGHTMAP_OFF pd= ok=1
Cmd: compileSnippet
  api=0 type=1 insize=66838 outsize=6 kw=DIRECTIONAL SHADOWS_SCREEN LIGHTMAP_OFF DIRLIGHTMAP_OFF DYNAMICLIGHTMAP_OFF _TERRAIN_NORMAL_MAP pd= ok=1
Cmd: compileSnippet
  api=0 type=0 insize=42676 outsize=3123 kw=DIRECTIONAL pd= ok=1
Cmd: compileSnippet
  api=0 type=0 insize=42676 outsize=3350 kw=DIRECTIONAL_COOKIE pd= ok=1
Cmd: compileSnippet
  api=0 type=0 insize=42676 outsize=3913 kw=POINT_COOKIE FOG_EXP2 pd= ok=1
Cmd: compileSnippet
  api=0 type=0 insize=42676 outsize=5413 kw=SPOT _TERRAIN_NORMAL_MAP pd= ok=1
Cmd: compileSnippet
  api=0 type=0 insize=42676 outsize=5780 kw=SPOT FOG_EXP2 _TERRAIN_NORMAL_MAP pd= ok=1
Cmd: compileSnippet
  api=0 type=1 insize=42676 outsize=6 kw=SPOT pd= ok=1
Cmd: compileSnippet
  api=0 type=1 insize=42676 outsize=6 kw=DIRECTIONAL_COOKIE pd= ok=1
Cmd: compileSnippet
  api=0 type=1 insize=42676 outsize=6 kw=POINT_COOKIE FOG_EXP2 pd= ok=1
Cmd: compileSnippet
  api=0 type=1 insize=42676 outsize=6 kw=SPOT _TERRAIN_NORMAL_MAP pd= ok=1
Cmd: compileSnippet
  api=0 type=1 insize=42676 outsize=6 kw=DIRECTIONAL FOG_EXP2 _TERRAIN_NORMAL_MAP pd= ok=1
Cmd: compileSnippet
  api=0 type=0 insize=35913 outsize=3959 kw=_TERRAIN_NORMAL_MAP pd= ok=1
Cmd: compileSnippet
  api=0 type=0 insize=57882 outsize=4039 kw=LIGHTMAP_OFF DIRLIGHTMAP_OFF DYNAMICLIGHTMAP_OFF HDR_LIGHT_PREPASS_OFF pd= ok=1
Cmd: compileSnippet
  api=0 type=0 insize=57882 outsize=4039 kw=LIGHTMAP_OFF DIRLIGHTMAP_OFF DYNAMICLIGHTMAP_OFF HDR_LIGHT_PREPASS_OFF _TERRAIN_NORMAL_MAP pd= ok=1
Cmd: compileSnippet
  api=0 type=1 insize=57882 outsize=6 kw=LIGHTMAP_OFF DIRLIGHTMAP_OFF DYNAMICLIGHTMAP_OFF UNITY_HDR_ON pd= ok=1
Cmd: compileSnippet
  api=0 type=1 insize=57882 outsize=6 kw=LIGHTMAP_OFF DIRLIGHTMAP_OFF DYNAMICLIGHTMAP_OFF HDR_LIGHT_PREPASS_OFF _TERRAIN_NORMAL_MAP pd= ok=1
Cmd: compileSnippet
  api=0 type=0 insize=63376 outsize=4129 kw=LIGHTMAP_OFF DIRLIGHTMAP_OFF DYNAMICLIGHTMAP_OFF UNITY_HDR_ON pd= ok=1
Cmd: compileSnippet
  api=0 type=1 insize=63376 outsize=6 kw=LIGHTMAP_OFF DIRLIGHTMAP_OFF DYNAMICLIGHTMAP_OFF UNITY_HDR_ON pd= ok=1
Cmd: compileSnippet
  api=0 type=0 insize=67174 outsize=4588 kw=DIRECTIONAL SHADOWS_SCREEN LIGHTMAP_OFF DIRLIGHTMAP_OFF DYNAMICLIGHTMAP_OFF pd= ok=1
Cmd: compileSnippet
  api=0 type=0 insize=67174 outsize=4908 kw=DIRECTIONAL SHADOWS_SCREEN LIGHTMAP_OFF DIRLIGHTMAP_OFF DYNAMICLIGHTMAP_OFF FOG_EXP2 pd= ok=1
Cmd: compileSnippet
  api=0 type=0 insize=67174 outsize=6520 kw=DIRECTIONAL SHADOWS_SCREEN LIGHTMAP_OFF DIRLIGHTMAP_OFF DYNAMICLIGHTMAP_OFF _TERRAIN_NORMAL_MAP pd= ok=1
Cmd: compileSnippet
  api=0 type=0 insize=67174 outsize=6841 kw=DIRECTIONAL SHADOWS_SCREEN LIGHTMAP_OFF DIRLIGHTMAP_OFF DYNAMICLIGHTMAP_OFF FOG_EXP2 _TERRAIN_NORMAL_MAP pd= ok=1
Cmd: compileSnippet
  api=0 type=1 insize=67174 outsize=6 kw=DIRECTIONAL SHADOWS_SCREEN LIGHTMAP_OFF DIRLIGHTMAP_OFF DYNAMICLIGHTMAP_OFF pd= ok=1
Cmd: compileSnippet
  api=0 type=1 insize=67174 outsize=6 kw=DIRECTIONAL SHADOWS_OFF LIGHTMAP_OFF DIRLIGHTMAP_OFF DYNAMICLIGHTMAP_OFF _TERRAIN_NORMAL_MAP pd= ok=1
Cmd: compileSnippet
  api=0 type=0 insize=43012 outsize=3204 kw=DIRECTIONAL pd= ok=1
Cmd: compileSnippet
  api=0 type=0 insize=43012 outsize=3436 kw=DIRECTIONAL_COOKIE pd= ok=1
Cmd: compileSnippet
  api=0 type=0 insize=43012 outsize=3999 kw=POINT_COOKIE FOG_EXP2 pd= ok=1
Cmd: compileSnippet
  api=0 type=0 insize=43012 outsize=4977 kw=DIRECTIONAL _TERRAIN_NORMAL_MAP pd= ok=1
Cmd: compileSnippet
  api=0 type=0 insize=43012 outsize=5706 kw=POINT FOG_EXP2 _TERRAIN_NORMAL_MAP pd= ok=1
Cmd: compileSnippet
  api=0 type=1 insize=43012 outsize=6 kw=DIRECTIONAL pd= ok=1
Cmd: compileSnippet
  api=0 type=1 insize=43012 outsize=6 kw=DIRECTIONAL_COOKIE pd= ok=1
Cmd: compileSnippet
  api=0 type=1 insize=43012 outsize=6 kw=POINT_COOKIE FOG_EXP2 pd= ok=1
Cmd: compileSnippet
  api=0 type=1 insize=43012 outsize=6 kw=SPOT _TERRAIN_NORMAL_MAP pd= ok=1
Cmd: compileSnippet
  api=0 type=1 insize=43012 outsize=6 kw=DIRECTIONAL FOG_EXP2 _TERRAIN_NORMAL_MAP pd= ok=1
Cmd: compileSnippet
  api=0 type=0 insize=36249 outsize=4040 kw=_TERRAIN_NORMAL_MAP pd= ok=1
Cmd: compileSnippet
  api=0 type=0 insize=58218 outsize=4120 kw=LIGHTMAP_OFF DIRLIGHTMAP_OFF DYNAMICLIGHTMAP_OFF HDR_LIGHT_PREPASS_OFF pd= ok=1
Cmd: compileSnippet
  api=0 type=0 insize=58218 outsize=4120 kw=LIGHTMAP_OFF DIRLIGHTMAP_OFF DYNAMICLIGHTMAP_OFF HDR_LIGHT_PREPASS_OFF _TERRAIN_NORMAL_MAP pd= ok=1
Cmd: compileSnippet
  api=0 type=1 insize=58218 outsize=6 kw=LIGHTMAP_OFF DIRLIGHTMAP_OFF DYNAMICLIGHTMAP_OFF UNITY_HDR_ON pd= ok=1
Cmd: compileSnippet
  api=0 type=1 insize=58218 outsize=6 kw=LIGHTMAP_OFF DIRLIGHTMAP_OFF DYNAMICLIGHTMAP_OFF HDR_LIGHT_PREPASS_OFF _TERRAIN_NORMAL_MAP pd= ok=1
Cmd: compileSnippet
  api=0 type=0 insize=63712 outsize=4405 kw=LIGHTMAP_OFF DIRLIGHTMAP_OFF DYNAMICLIGHTMAP_OFF HDR_LIGHT_PREPASS_OFF pd= ok=1
Cmd: compileSnippet
  api=0 type=1 insize=63712 outsize=6 kw=LIGHTMAP_OFF DIRLIGHTMAP_OFF DYNAMICLIGHTMAP_OFF UNITY_HDR_ON pd= ok=1
Cmd: compileSnippet
  api=0 type=0 insize=7129 outsize=3848 kw=DIRECTIONAL SHADOWS_OFF LIGHTMAP_OFF DIRLIGHTMAP_OFF DYNAMICLIGHTMAP_OFF VERTEXLIGHT_ON pd= ok=1
Cmd: compileSnippet
  api=0 type=0 insize=7129 outsize=4194 kw=DIRECTIONAL SHADOWS_OFF LIGHTMAP_OFF DIRLIGHTMAP_OFF DYNAMICLIGHTMAP_OFF FOG_EXP2 VERTEXLIGHT_ON pd= ok=1
Cmd: compileSnippet
  api=0 type=1 insize=7129 outsize=6 kw=DIRECTIONAL SHADOWS_OFF LIGHTMAP_OFF DIRLIGHTMAP_OFF DYNAMICLIGHTMAP_OFF FOG_EXP2 pd= ok=1
Cmd: compileSnippet
  api=0 type=0 insize=3858 outsize=1801 kw=DIRECTIONAL pd= ok=1
Cmd: compileSnippet
  api=0 type=0 insize=3858 outsize=2028 kw=DIRECTIONAL_COOKIE pd= ok=1
Cmd: compileSnippet
  api=0 type=0 insize=3858 outsize=2462 kw=POINT_COOKIE FOG_EXP2 pd= ok=1
Cmd: compileSnippet
  api=0 type=1 insize=3858 outsize=6 kw=SPOT pd= ok=1
Cmd: compileSnippet
  api=0 type=1 insize=3858 outsize=6 kw=DIRECTIONAL_COOKIE pd= ok=1
Cmd: compileSnippet
  api=0 type=1 insize=3858 outsize=6 kw=DIRECTIONAL_COOKIE FOG_EXP2 pd= ok=1
Cmd: compileSnippet
  api=0 type=0 insize=6043 outsize=2775 kw=LIGHTMAP_OFF DIRLIGHTMAP_OFF DYNAMICLIGHTMAP_OFF UNITY_HDR_ON pd= ok=1
Cmd: compileSnippet
  api=0 type=1 insize=6043 outsize=6 kw=LIGHTMAP_OFF DIRLIGHTMAP_OFF DYNAMICLIGHTMAP_OFF UNITY_HDR_ON pd= ok=1
Cmd: compileSnippet
  api=0 type=0 insize=6231 outsize=2619 kw=LIGHTMAP_OFF DIRLIGHTMAP_OFF DYNAMICLIGHTMAP_OFF UNITY_HDR_ON pd= ok=1
Cmd: compileSnippet
  api=0 type=0 insize=70382 outsize=11524 kw=DIRECTIONAL SHADOWS_SCREEN LIGHTMAP_OFF DIRLIGHTMAP_OFF DYNAMICLIGHTMAP_OFF FOG_EXP2 pd= ok=1
Cmd: compileSnippet
  api=0 type=0 insize=70382 outsize=13710 kw=DIRECTIONAL SHADOWS_OFF LIGHTMAP_OFF DIRLIGHTMAP_OFF DYNAMICLIGHTMAP_OFF VERTEXLIGHT_ON _TERRAIN_NORMAL_MAP pd= ok=1
Cmd: compileSnippet
  api=0 type=0 insize=70382 outsize=14139 kw=DIRECTIONAL SHADOWS_OFF LIGHTMAP_OFF DIRLIGHTMAP_OFF DYNAMICLIGHTMAP_OFF FOG_EXP2 VERTEXLIGHT_ON _TERRAIN_NORMAL_MAP pd= ok=1
Cmd: compileSnippet
  api=0 type=1 insize=70382 outsize=6 kw=DIRECTIONAL SHADOWS_OFF LIGHTMAP_OFF DIRLIGHTMAP_OFF DYNAMICLIGHTMAP_OFF FOG_EXP2 pd= ok=1
Cmd: compileSnippet
  api=0 type=0 insize=46248 outsize=6236 kw=SPOT SHADOWS_OFF pd= ok=1
Cmd: compileSnippet
  api=0 type=0 insize=46248 outsize=6427 kw=DIRECTIONAL_COOKIE SHADOWS_SCREEN pd= ok=1
Cmd: compileSnippet
  api=0 type=0 insize=46248 outsize=7696 kw=POINT SHADOWS_CUBE SHADOWS_SOFT pd= ok=1
Cmd: compileSnippet
  api=0 type=0 insize=46248 outsize=6591 kw=SPOT SHADOWS_OFF FOG_EXP2 pd= ok=1
Cmd: compileSnippet
  api=0 type=0 insize=46248 outsize=6547 kw=DIRECTIONAL SHADOWS_SCREEN FOG_EXP2 pd= ok=1
Cmd: compileSnippet
  api=0 type=0 insize=46248 outsize=7455 kw=SPOT SHADOWS_DEPTH SHADOWS_SOFT SHADOWS_NATIVE FOG_EXP2 pd= ok=1
Cmd: compileSnippet
  api=0 type=0 insize=46248 outsize=7515 kw=DIRECTIONAL SHADOWS_OFF _TERRAIN_NORMAL_MAP pd= ok=1
Cmd: compileSnippet
  api=0 type=0 insize=46248 outsize=8401 kw=SPOT SHADOWS_DEPTH SHADOWS_NATIVE _TERRAIN_NORMAL_MAP pd= ok=1
Cmd: compileSnippet
  api=0 type=0 insize=46248 outsize=8670 kw=POINT_COOKIE SHADOWS_CUBE _TERRAIN_NORMAL_MAP pd= ok=1
Cmd: compileSnippet
  api=0 type=0 insize=46248 outsize=8230 kw=POINT SHADOWS_OFF FOG_EXP2 _TERRAIN_NORMAL_MAP pd= ok=1
Cmd: compileSnippet
  api=0 type=0 insize=46248 outsize=8314 kw=POINT_COOKIE SHADOWS_OFF FOG_EXP2 _TERRAIN_NORMAL_MAP pd= ok=1
Cmd: compileSnippet
  api=0 type=0 insize=46248 outsize=8349 kw=DIRECTIONAL SHADOWS_SCREEN FOG_EXP2 _TERRAIN_NORMAL_MAP pd= ok=1
Cmd: compileSnippet
  api=0 type=0 insize=46248 outsize=9256 kw=SPOT SHADOWS_DEPTH SHADOWS_SOFT SHADOWS_NATIVE FOG_EXP2 _TERRAIN_NORMAL_MAP pd= ok=1
Cmd: compileSnippet
  api=0 type=1 insize=46248 outsize=6 kw=SPOT SHADOWS_OFF pd= ok=1
Cmd: compileSnippet
  api=0 type=1 insize=46248 outsize=6 kw=DIRECTIONAL SHADOWS_SCREEN pd= ok=1
Cmd: compileSnippet
  api=0 type=1 insize=46248 outsize=6 kw=SPOT SHADOWS_DEPTH SHADOWS_SOFT SHADOWS_NATIVE pd= ok=1
Cmd: compileSnippet
  api=0 type=1 insize=46248 outsize=6 kw=SPOT SHADOWS_OFF FOG_EXP2 pd= ok=1
Cmd: compileSnippet
  api=0 type=1 insize=46248 outsize=6 kw=DIRECTIONAL_COOKIE SHADOWS_SCREEN FOG_EXP2 pd= ok=1
Cmd: compileSnippet
  api=0 type=1 insize=46248 outsize=6 kw=POINT_COOKIE SHADOWS_CUBE SHADOWS_SOFT FOG_EXP2 pd= ok=1
Cmd: compileSnippet
  api=0 type=1 insize=46248 outsize=6 kw=DIRECTIONAL_COOKIE SHADOWS_OFF _TERRAIN_NORMAL_MAP pd= ok=1
Cmd: compileSnippet
  api=0 type=1 insize=46248 outsize=6 kw=POINT_COOKIE SHADOWS_CUBE _TERRAIN_NORMAL_MAP pd= ok=1
Cmd: compileSnippet
  api=0 type=1 insize=46248 outsize=6 kw=POINT SHADOWS_OFF FOG_EXP2 _TERRAIN_NORMAL_MAP pd= ok=1
Cmd: compileSnippet
  api=0 type=1 insize=46248 outsize=6 kw=DIRECTIONAL_COOKIE SHADOWS_OFF FOG_EXP2 _TERRAIN_NORMAL_MAP pd= ok=1
Cmd: compileSnippet
  api=0 type=1 insize=46248 outsize=6 kw=POINT_COOKIE SHADOWS_CUBE FOG_EXP2 _TERRAIN_NORMAL_MAP pd= ok=1
Cmd: compileSnippet
  api=0 type=0 insize=66920 outsize=5246 kw=LIGHTMAP_OFF DIRLIGHTMAP_OFF DYNAMICLIGHTMAP_OFF UNITY_HDR_ON pd= ok=1
Cmd: compileSnippet
  api=0 type=1 insize=66920 outsize=6 kw=LIGHTMAP_OFF DIRLIGHTMAP_OFF DYNAMICLIGHTMAP_OFF UNITY_HDR_ON _TERRAIN_NORMAL_MAP pd= ok=1
Cmd: compileSnippet
  api=0 type=0 insize=70718 outsize=12470 kw=DIRECTIONAL SHADOWS_SCREEN LIGHTMAP_OFF DIRLIGHTMAP_OFF DYNAMICLIGHTMAP_OFF VERTEXLIGHT_ON pd= ok=1
Cmd: compileSnippet
  api=0 type=0 insize=70718 outsize=12797 kw=DIRECTIONAL SHADOWS_SCREEN LIGHTMAP_OFF DIRLIGHTMAP_OFF DYNAMICLIGHTMAP_OFF FOG_EXP2 VERTEXLIGHT_ON pd= ok=1
Cmd: compileSnippet
  api=0 type=0 insize=70718 outsize=14318 kw=DIRECTIONAL SHADOWS_SCREEN LIGHTMAP_OFF DIRLIGHTMAP_OFF DYNAMICLIGHTMAP_OFF VERTEXLIGHT_ON _TERRAIN_NORMAL_MAP pd= ok=1
Cmd: compileSnippet
  api=0 type=0 insize=70718 outsize=14639 kw=DIRECTIONAL SHADOWS_SCREEN LIGHTMAP_OFF DIRLIGHTMAP_OFF DYNAMICLIGHTMAP_OFF FOG_EXP2 VERTEXLIGHT_ON _TERRAIN_NORMAL_MAP pd= ok=1
Cmd: compileSnippet
  api=0 type=1 insize=70718 outsize=6 kw=DIRECTIONAL SHADOWS_SCREEN LIGHTMAP_OFF DIRLIGHTMAP_OFF DYNAMICLIGHTMAP_OFF FOG_EXP2 pd= ok=1
Cmd: compileSnippet
  api=0 type=1 insize=70718 outsize=6 kw=DIRECTIONAL SHADOWS_SCREEN LIGHTMAP_OFF DIRLIGHTMAP_OFF DYNAMICLIGHTMAP_OFF FOG_EXP2 _TERRAIN_NORMAL_MAP pd= ok=1
Cmd: compileSnippet
  api=0 type=0 insize=46584 outsize=6247 kw=POINT_COOKIE SHADOWS_OFF pd= ok=1
Cmd: compileSnippet
  api=0 type=0 insize=46584 outsize=6697 kw=SPOT SHADOWS_DEPTH SHADOWS_NATIVE pd= ok=1
Cmd: compileSnippet
  api=0 type=0 insize=46584 outsize=7185 kw=SPOT SHADOWS_DEPTH SHADOWS_SOFT SHADOWS_NATIVE pd= ok=1
Cmd: compileSnippet
  api=0 type=0 insize=46584 outsize=6174 kw=DIRECTIONAL SHADOWS_OFF FOG_EXP2 pd= ok=1
Cmd: compileSnippet
  api=0 type=0 insize=46584 outsize=6408 kw=DIRECTIONAL_COOKIE SHADOWS_OFF FOG_EXP2 pd= ok=1
Cmd: compileSnippet
  api=0 type=0 insize=46584 outsize=7321 kw=POINT_COOKIE SHADOWS_CUBE FOG_EXP2 pd= ok=1
Cmd: compileSnippet
  api=0 type=0 insize=46584 outsize=7600 kw=DIRECTIONAL SHADOWS_OFF _TERRAIN_NORMAL_MAP pd= ok=1
Cmd: compileSnippet
  api=0 type=0 insize=46584 outsize=7835 kw=DIRECTIONAL_COOKIE SHADOWS_OFF _TERRAIN_NORMAL_MAP pd= ok=1
Cmd: compileSnippet
  api=0 type=0 insize=46584 outsize=8628 kw=POINT SHADOWS_CUBE _TERRAIN_NORMAL_MAP pd= ok=1
Cmd: compileSnippet
  api=0 type=0 insize=46584 outsize=9697 kw=POINT_COOKIE SHADOWS_CUBE SHADOWS_SOFT _TERRAIN_NORMAL_MAP pd= ok=1
Cmd: compileSnippet
  api=0 type=0 insize=46584 outsize=8202 kw=DIRECTIONAL_COOKIE SHADOWS_OFF FOG_EXP2 _TERRAIN_NORMAL_MAP pd= ok=1
Cmd: compileSnippet
  api=0 type=0 insize=46584 outsize=8995 kw=POINT SHADOWS_CUBE FOG_EXP2 _TERRAIN_NORMAL_MAP pd= ok=1
Cmd: compileSnippet
  api=0 type=0 insize=46584 outsize=10064 kw=POINT_COOKIE SHADOWS_CUBE SHADOWS_SOFT FOG_EXP2 _TERRAIN_NORMAL_MAP pd= ok=1
Cmd: compileSnippet
  api=0 type=1 insize=46584 outsize=6 kw=POINT_COOKIE SHADOWS_OFF pd= ok=1
Cmd: compileSnippet
  api=0 type=1 insize=46584 outsize=6 kw=DIRECTIONAL SHADOWS_SCREEN pd= ok=1
Cmd: compileSnippet
  api=0 type=1 insize=46584 outsize=6 kw=SPOT SHADOWS_DEPTH SHADOWS_SOFT SHADOWS_NATIVE pd= ok=1
Cmd: compileSnippet
  api=0 type=1 insize=46584 outsize=6 kw=POINT_COOKIE SHADOWS_CUBE SHADOWS_SOFT pd= ok=1
Cmd: compileSnippet
  api=0 type=1 insize=46584 outsize=6 kw=POINT_COOKIE SHADOWS_OFF FOG_EXP2 pd= ok=1
Cmd: compileSnippet
  api=0 type=1 insize=46584 outsize=6 kw=SPOT SHADOWS_DEPTH SHADOWS_SOFT SHADOWS_NATIVE FOG_EXP2 pd= ok=1
Cmd: compileSnippet
  api=0 type=1 insize=46584 outsize=6 kw=DIRECTIONAL SHADOWS_OFF _TERRAIN_NORMAL_MAP pd= ok=1
Cmd: compileSnippet
  api=0 type=1 insize=46584 outsize=6 kw=DIRECTIONAL SHADOWS_SCREEN _TERRAIN_NORMAL_MAP pd= ok=1
Cmd: compileSnippet
  api=0 type=1 insize=46584 outsize=6 kw=POINT_COOKIE SHADOWS_CUBE _TERRAIN_NORMAL_MAP pd= ok=1
Cmd: compileSnippet
  api=0 type=1 insize=46584 outsize=6 kw=POINT SHADOWS_OFF FOG_EXP2 _TERRAIN_NORMAL_MAP pd= ok=1
Cmd: compileSnippet
  api=0 type=1 insize=46584 outsize=6 kw=DIRECTIONAL_COOKIE SHADOWS_OFF FOG_EXP2 _TERRAIN_NORMAL_MAP pd= ok=1
Cmd: compileSnippet
  api=0 type=1 insize=46584 outsize=6 kw=POINT SHADOWS_CUBE FOG_EXP2 _TERRAIN_NORMAL_MAP pd= ok=1
Cmd: compileSnippet
  api=0 type=1 insize=46584 outsize=6 kw=POINT_COOKIE SHADOWS_CUBE SHADOWS_SOFT FOG_EXP2 _TERRAIN_NORMAL_MAP pd= ok=1
Cmd: compileSnippet
  api=0 type=0 insize=67256 outsize=7173 kw=LIGHTMAP_OFF DIRLIGHTMAP_OFF DYNAMICLIGHTMAP_OFF UNITY_HDR_ON _TERRAIN_NORMAL_MAP pd= ok=1
Cmd: compileSnippet
  api=0 type=1 insize=67256 outsize=6 kw=LIGHTMAP_OFF DIRLIGHTMAP_OFF DYNAMICLIGHTMAP_OFF UNITY_HDR_ON _TERRAIN_NORMAL_MAP pd= ok=1
Cmd: compileSnippet
  api=0 type=0 insize=7364 outsize=9701 kw=DIRECTIONAL SHADOWS_OFF LIGHTMAP_OFF DIRLIGHTMAP_OFF DYNAMICLIGHTMAP_OFF VERTEXLIGHT_ON pd= ok=1
Cmd: compileSnippet
  api=0 type=1 insize=7364 outsize=6 kw=DIRECTIONAL SHADOWS_SCREEN LIGHTMAP_OFF DIRLIGHTMAP_OFF DYNAMICLIGHTMAP_OFF pd= ok=1
Cmd: compileSnippet
  api=0 type=0 insize=4107 outsize=3551 kw=DIRECTIONAL SHADOWS_OFF pd= ok=1
Cmd: compileSnippet
  api=0 type=0 insize=4107 outsize=3788 kw=DIRECTIONAL_COOKIE SHADOWS_OFF pd= ok=1
Cmd: compileSnippet
  api=0 type=0 insize=4107 outsize=4572 kw=POINT SHADOWS_CUBE pd= ok=1
Cmd: compileSnippet
  api=0 type=0 insize=4107 outsize=5640 kw=POINT_COOKIE SHADOWS_CUBE SHADOWS_SOFT pd= ok=1
Cmd: compileSnippet
  api=0 type=0 insize=4107 outsize=4216 kw=POINT_COOKIE SHADOWS_OFF FOG_EXP2 pd= ok=1
Cmd: compileSnippet
  api=0 type=0 insize=4107 outsize=4809 kw=POINT SHADOWS_CUBE FOG_EXP2 pd= ok=1
Cmd: compileSnippet
  api=0 type=0 insize=4107 outsize=5877 kw=POINT_COOKIE SHADOWS_CUBE SHADOWS_SOFT FOG_EXP2 pd= ok=1
Cmd: compileSnippet
  api=0 type=1 insize=4107 outsize=6 kw=POINT_COOKIE SHADOWS_OFF pd= ok=1
Cmd: compileSnippet
  api=0 type=1 insize=4107 outsize=6 kw=DIRECTIONAL SHADOWS_SCREEN pd= ok=1
Cmd: compileSnippet
  api=0 type=1 insize=4107 outsize=6 kw=POINT SHADOWS_CUBE SHADOWS_SOFT pd= ok=1
Cmd: compileSnippet
  api=0 type=1 insize=4107 outsize=6 kw=SPOT SHADOWS_OFF FOG_EXP2 pd= ok=1
Cmd: compileSnippet
  api=0 type=1 insize=4107 outsize=6 kw=DIRECTIONAL SHADOWS_SCREEN FOG_EXP2 pd= ok=1
Cmd: compileSnippet
  api=0 type=1 insize=4107 outsize=6 kw=SPOT SHADOWS_DEPTH SHADOWS_SOFT SHADOWS_NATIVE FOG_EXP2 pd= ok=1
End of pipe

Quitting shader compiler process
